<testsuites id="" name="" tests="1" failures="0" skipped="0" errors="0" time="2.8106900000000024">
<testsuite name="CartVerification.spec.ts" timestamp="2026-07-24T18:10:23.926Z" hostname="chromium" tests="1" failures="0" skipped="0" time="1.247" errors="0">
<testcase name="Verification of Cart" classname="CartVerification.spec.ts" time="1.247">
<system-out>
<![CDATA[
[[ATTACHMENT|..\test-results\CartVerification-Verification-of-Cart-chromium\test-finished-1.png]]
]]>
</system-out>
</testcase>
</testsuite>
</testsuites>